0 info it worked if it ends with ok
1 verbose cli [ 'E:\\Program Files\\nodejs\\\\node.exe',
1 verbose cli   'E:\\Program Files\\nodejs\\node_modules\\npm\\bin\\npm-cli.js',
1 verbose cli   'version',
1 verbose cli   'patch' ]
2 info using npm@1.4.28
3 info using node@v0.10.34
4 verbose node symlink E:\Program Files\nodejs\\node.exe
5 error Error: Git working directory not clean.
5 error M README.md
5 error M index.js
5 error     at E:\Program Files\nodejs\node_modules\npm\lib\version.js:91:33
5 error     at ChildProcess.exithandler (child_process.js:656:7)
5 error     at ChildProcess.emit (events.js:98:17)
5 error     at maybeClose (child_process.js:766:16)
5 error     at Socket.<anonymous> (child_process.js:979:11)
5 error     at Socket.emit (events.js:95:17)
5 error     at Pipe.close (net.js:466:12)
6 error If you need help, you may report this *entire* log,
6 error including the npm and node versions, at:
6 error     <http://github.com/npm/npm/issues>
7 error System Windows_NT 6.2.9200
8 error command "E:\\Program Files\\nodejs\\\\node.exe" "E:\\Program Files\\nodejs\\node_modules\\npm\\bin\\npm-cli.js" "version" "patch"
9 error cwd E:\Users\Vishnu Bharathi\Documents\GitHub\sails-viewify
10 error node -v v0.10.34
11 error npm -v 1.4.28
12 verbose exit [ 1, true ]
